<?xml version="1.0" encoding="UTF-8"?>
<coverage generated="1776940381859" clover="3.2.0">
  <project timestamp="1776940381859" name="All files">
    <metrics statements="166" coveredstatements="163" conditionals="56" coveredconditionals="49" methods="29" coveredmethods="29" elements="251" coveredelements="241" complexity="0" loc="166" ncloc="166" packages="1" files="1" classes="1"/>
    <file name="main.js" path="C:\Users\User\ToDoList\JS\main.js">
      <metrics statements="166" coveredstatements="163" conditionals="56" coveredconditionals="49" methods="29" coveredmethods="29"/>
      <line num="3" count="30" type="stmt"/>
      <line num="4" count="30" type="stmt"/>
      <line num="5" count="30" type="stmt"/>
      <line num="6" count="30" type="stmt"/>
      <line num="7" count="30" type="stmt"/>
      <line num="8" count="30" type="stmt"/>
      <line num="9" count="30" type="stmt"/>
      <line num="10" count="30" type="stmt"/>
      <line num="13" count="30" type="stmt"/>
      <line num="14" count="30" type="stmt"/>
      <line num="15" count="30" type="stmt"/>
      <line num="16" count="30" type="stmt"/>
      <line num="17" count="30" type="stmt"/>
      <line num="18" count="30" type="stmt"/>
      <line num="19" count="30" type="stmt"/>
      <line num="21" count="30" type="cond" truecount="1" falsecount="1"/>
      <line num="22" count="30" type="stmt"/>
      <line num="26" count="30" type="stmt"/>
      <line num="27" count="30" type="cond" truecount="2" falsecount="0"/>
      <line num="30" count="30" type="cond" truecount="2" falsecount="0"/>
      <line num="31" count="29" type="stmt"/>
      <line num="32" count="29" type="stmt"/>
      <line num="37" count="4" type="stmt"/>
      <line num="38" count="4" type="stmt"/>
      <line num="40" count="4" type="stmt"/>
      <line num="41" count="7" type="cond" truecount="2" falsecount="0"/>
      <line num="42" count="6" type="stmt"/>
      <line num="43" count="6" type="cond" truecount="2" falsecount="0"/>
      <line num="44" count="4" type="stmt"/>
      <line num="46" count="2" type="stmt"/>
      <line num="54" count="17" type="stmt"/>
      <line num="56" count="17" type="stmt"/>
      <line num="58" count="17" type="cond" truecount="2" falsecount="0"/>
      <line num="59" count="1" type="stmt"/>
      <line num="60" count="1" type="stmt"/>
      <line num="63" count="16" type="stmt"/>
      <line num="70" count="16" type="stmt"/>
      <line num="71" count="16" type="stmt"/>
      <line num="72" count="16" type="stmt"/>
      <line num="77" count="90" type="stmt"/>
      <line num="78" count="90" type="stmt"/>
      <line num="79" count="90" type="stmt"/>
      <line num="81" count="90" type="cond" truecount="1" falsecount="1"/>
      <line num="82" count="0" type="stmt"/>
      <line num="85" count="90" type="stmt"/>
      <line num="86" count="90" type="stmt"/>
      <line num="88" count="90" type="stmt"/>
      <line num="89" count="90" type="stmt"/>
      <line num="90" count="90" type="stmt"/>
      <line num="92" count="90" type="stmt"/>
      <line num="93" count="90" type="stmt"/>
      <line num="94" count="90" type="stmt"/>
      <line num="96" count="90" type="stmt"/>
      <line num="97" count="90" type="stmt"/>
      <line num="99" count="90" type="stmt"/>
      <line num="100" count="90" type="stmt"/>
      <line num="102" count="90" type="stmt"/>
      <line num="103" count="90" type="stmt"/>
      <line num="104" count="90" type="stmt"/>
      <line num="106" count="90" type="stmt"/>
      <line num="107" count="90" type="stmt"/>
      <line num="108" count="90" type="stmt"/>
      <line num="110" count="90" type="stmt"/>
      <line num="111" count="90" type="stmt"/>
      <line num="112" count="90" type="stmt"/>
      <line num="114" count="90" type="stmt"/>
      <line num="115" count="90" type="stmt"/>
      <line num="116" count="90" type="stmt"/>
      <line num="118" count="90" type="stmt"/>
      <line num="119" count="90" type="stmt"/>
      <line num="121" count="90" type="stmt"/>
      <line num="126" count="12" type="stmt"/>
      <line num="127" count="12" type="cond" truecount="2" falsecount="0"/>
      <line num="129" count="11" type="stmt"/>
      <line num="130" count="11" type="cond" truecount="1" falsecount="1"/>
      <line num="132" count="11" type="stmt"/>
      <line num="134" count="11" type="cond" truecount="2" falsecount="0"/>
      <line num="135" count="1" type="stmt"/>
      <line num="136" count="1" type="stmt"/>
      <line num="137" count="1" type="stmt"/>
      <line num="138" count="1" type="stmt"/>
      <line num="142" count="11" type="cond" truecount="2" falsecount="0"/>
      <line num="143" count="3" type="stmt"/>
      <line num="144" count="3" type="stmt"/>
      <line num="147" count="11" type="cond" truecount="2" falsecount="0"/>
      <line num="148" count="7" type="stmt"/>
      <line num="154" count="7" type="stmt"/>
      <line num="155" count="7" type="stmt"/>
      <line num="157" count="7" type="cond" truecount="4" falsecount="0"/>
      <line num="159" count="6" type="stmt"/>
      <line num="161" count="6" type="stmt"/>
      <line num="162" count="6" type="stmt"/>
      <line num="163" count="6" type="stmt"/>
      <line num="164" count="6" type="stmt"/>
      <line num="166" count="6" type="stmt"/>
      <line num="167" count="6" type="stmt"/>
      <line num="168" count="6" type="stmt"/>
      <line num="170" count="6" type="stmt"/>
      <line num="171" count="4" type="stmt"/>
      <line num="173" count="4" type="cond" truecount="2" falsecount="0"/>
      <line num="174" count="2" type="stmt"/>
      <line num="175" count="2" type="stmt"/>
      <line num="178" count="4" type="stmt"/>
      <line num="179" count="4" type="stmt"/>
      <line num="182" count="6" type="stmt"/>
      <line num="183" count="6" type="stmt"/>
      <line num="184" count="2" type="cond" truecount="1" falsecount="1"/>
      <line num="185" count="2" type="stmt"/>
      <line num="192" count="16" type="stmt"/>
      <line num="193" count="16" type="stmt"/>
      <line num="194" count="16" type="stmt"/>
      <line num="201" count="98" type="cond" truecount="2" falsecount="0"/>
      <line num="202" count="15" type="stmt"/>
      <line num="204" count="83" type="stmt"/>
      <line num="208" count="98" type="stmt"/>
      <line num="209" count="82" type="cond" truecount="2" falsecount="0"/>
      <line num="210" count="2" type="stmt"/>
      <line num="217" count="80" type="stmt"/>
      <line num="223" count="76" type="stmt"/>
      <line num="224" count="76" type="stmt"/>
      <line num="225" count="76" type="stmt"/>
      <line num="230" count="1" type="stmt"/>
      <line num="231" count="1" type="stmt"/>
      <line num="232" count="1" type="stmt"/>
      <line num="237" count="2" type="stmt"/>
      <line num="239" count="2" type="stmt"/>
      <line num="240" count="2" type="cond" truecount="1" falsecount="1"/>
      <line num="241" count="2" type="stmt"/>
      <line num="243" count="0" type="stmt"/>
      <line num="246" count="2" type="stmt"/>
      <line num="251" count="3" type="stmt"/>
      <line num="253" count="3" type="stmt"/>
      <line num="254" count="3" type="cond" truecount="1" falsecount="1"/>
      <line num="255" count="3" type="stmt"/>
      <line num="257" count="0" type="stmt"/>
      <line num="260" count="3" type="stmt"/>
      <line num="265" count="90" type="stmt"/>
      <line num="267" count="90" type="stmt"/>
      <line num="279" count="30" type="cond" truecount="1" falsecount="1"/>
      <line num="281" count="30" type="stmt"/>
      <line num="282" count="30" type="stmt"/>
      <line num="295" count="38" type="stmt"/>
      <line num="296" count="38" type="stmt"/>
      <line num="298" count="38" type="stmt"/>
      <line num="300" count="38" type="cond" truecount="2" falsecount="0"/>
      <line num="304" count="38" type="stmt"/>
      <line num="306" count="38" type="cond" truecount="2" falsecount="0"/>
      <line num="307" count="37" type="stmt"/>
      <line num="310" count="38" type="stmt"/>
      <line num="311" count="3" type="cond" truecount="2" falsecount="0"/>
      <line num="312" count="1" type="stmt"/>
      <line num="314" count="2" type="stmt"/>
      <line num="318" count="38" type="stmt"/>
      <line num="319" count="161" type="cond" truecount="2" falsecount="0"/>
      <line num="320" count="3" type="stmt"/>
      <line num="321" count="3" type="stmt"/>
      <line num="322" count="158" type="cond" truecount="2" falsecount="0"/>
      <line num="323" count="3" type="stmt"/>
      <line num="324" count="3" type="stmt"/>
      <line num="325" count="155" type="cond" truecount="2" falsecount="0"/>
      <line num="326" count="3" type="stmt"/>
      <line num="327" count="3" type="stmt"/>
      <line num="328" count="152" type="cond" truecount="2" falsecount="0"/>
      <line num="329" count="38" type="stmt"/>
      <line num="333" count="38" type="stmt"/>
      <line num="334" count="1" type="stmt"/>
    </file>
  </project>
</coverage>
