{"C:\\Users\\User\\ToDoList\\JS\\main.js": {"path":"C:\\Users\\User\\ToDoList\\JS\\main.js","statementMap":{"0":{"start":{"line":3,"column":18},"end":{"line":3,"column":55}},"1":{"start":{"line":4,"column":16},"end":{"line":4,"column":51}},"2":{"start":{"line":5,"column":17},"end":{"line":5,"column":53}},"3":{"start":{"line":6,"column":22},"end":{"line":6,"column":63}},"4":{"start":{"line":7,"column":19},"end":{"line":7,"column":57}},"5":{"start":{"line":8,"column":20},"end":{"line":8,"column":59}},"6":{"start":{"line":9,"column":17},"end":{"line":9,"column":52}},"7":{"start":{"line":10,"column":20},"end":{"line":10,"column":59}},"8":{"start":{"line":13,"column":0},"end":{"line":13,"column":43}},"9":{"start":{"line":14,"column":0},"end":{"line":14,"column":54}},"10":{"start":{"line":15,"column":0},"end":{"line":15,"column":56}},"11":{"start":{"line":16,"column":0},"end":{"line":16,"column":71}},"12":{"start":{"line":16,"column":46},"end":{"line":16,"column":69}},"13":{"start":{"line":17,"column":0},"end":{"line":17,"column":65}},"14":{"start":{"line":17,"column":43},"end":{"line":17,"column":63}},"15":{"start":{"line":18,"column":0},"end":{"line":18,"column":67}},"16":{"start":{"line":18,"column":44},"end":{"line":18,"column":65}},"17":{"start":{"line":19,"column":0},"end":{"line":19,"column":51}},"18":{"start":{"line":21,"column":0},"end":{"line":23,"column":1}},"19":{"start":{"line":22,"column":4},"end":{"line":22,"column":55}},"20":{"start":{"line":26,"column":17},"end":{"line":26,"column":51}},"21":{"start":{"line":27,"column":0},"end":{"line":27,"column":72}},"22":{"start":{"line":30,"column":0},"end":{"line":33,"column":1}},"23":{"start":{"line":31,"column":4},"end":{"line":31,"column":21}},"24":{"start":{"line":32,"column":4},"end":{"line":32,"column":38}},"25":{"start":{"line":37,"column":18},"end":{"line":37,"column":37}},"26":{"start":{"line":38,"column":23},"end":{"line":38,"column":55}},"27":{"start":{"line":40,"column":4},"end":{"line":49,"column":7}},"28":{"start":{"line":41,"column":8},"end":{"line":48,"column":9}},"29":{"start":{"line":42,"column":25},"end":{"line":42,"column":81}},"30":{"start":{"line":43,"column":12},"end":{"line":47,"column":13}},"31":{"start":{"line":44,"column":16},"end":{"line":44,"column":44}},"32":{"start":{"line":46,"column":16},"end":{"line":46,"column":44}},"33":{"start":{"line":54,"column":4},"end":{"line":54,"column":27}},"34":{"start":{"line":56,"column":17},"end":{"line":56,"column":39}},"35":{"start":{"line":58,"column":4},"end":{"line":61,"column":5}},"36":{"start":{"line":59,"column":8},"end":{"line":59,"column":43}},"37":{"start":{"line":60,"column":8},"end":{"line":60,"column":15}},"38":{"start":{"line":63,"column":17},"end":{"line":68,"column":5}},"39":{"start":{"line":70,"column":4},"end":{"line":70,"column":22}},"40":{"start":{"line":71,"column":4},"end":{"line":71,"column":21}},"41":{"start":{"line":72,"column":4},"end":{"line":72,"column":25}},"42":{"start":{"line":77,"column":20},"end":{"line":77,"column":49}},"43":{"start":{"line":78,"column":4},"end":{"line":78,"column":56}},"44":{"start":{"line":79,"column":4},"end":{"line":79,"column":33}},"45":{"start":{"line":81,"column":4},"end":{"line":83,"column":5}},"46":{"start":{"line":82,"column":8},"end":{"line":82,"column":43}},"47":{"start":{"line":85,"column":23},"end":{"line":85,"column":52}},"48":{"start":{"line":86,"column":4},"end":{"line":86,"column":45}},"49":{"start":{"line":88,"column":20},"end":{"line":88,"column":48}},"50":{"start":{"line":89,"column":4},"end":{"line":89,"column":34}},"51":{"start":{"line":90,"column":4},"end":{"line":90,"column":39}},"52":{"start":{"line":92,"column":22},"end":{"line":92,"column":49}},"53":{"start":{"line":93,"column":4},"end":{"line":93,"column":47}},"54":{"start":{"line":94,"column":4},"end":{"line":94,"column":71}},"55":{"start":{"line":96,"column":4},"end":{"line":96,"column":36}},"56":{"start":{"line":97,"column":4},"end":{"line":97,"column":38}},"57":{"start":{"line":99,"column":23},"end":{"line":99,"column":52}},"58":{"start":{"line":100,"column":4},"end":{"line":100,"column":45}},"59":{"start":{"line":102,"column":20},"end":{"line":102,"column":52}},"60":{"start":{"line":103,"column":4},"end":{"line":103,"column":55}},"61":{"start":{"line":104,"column":4},"end":{"line":104,"column":63}},"62":{"start":{"line":106,"column":20},"end":{"line":106,"column":52}},"63":{"start":{"line":107,"column":4},"end":{"line":107,"column":54}},"64":{"start":{"line":108,"column":4},"end":{"line":108,"column":62}},"65":{"start":{"line":110,"column":20},"end":{"line":110,"column":52}},"66":{"start":{"line":111,"column":4},"end":{"line":111,"column":55}},"67":{"start":{"line":112,"column":4},"end":{"line":112,"column":64}},"68":{"start":{"line":114,"column":4},"end":{"line":114,"column":36}},"69":{"start":{"line":115,"column":4},"end":{"line":115,"column":36}},"70":{"start":{"line":116,"column":4},"end":{"line":116,"column":36}},"71":{"start":{"line":118,"column":4},"end":{"line":118,"column":36}},"72":{"start":{"line":119,"column":4},"end":{"line":119,"column":36}},"73":{"start":{"line":121,"column":4},"end":{"line":121,"column":34}},"74":{"start":{"line":126,"column":19},"end":{"line":126,"column":49}},"75":{"start":{"line":127,"column":4},"end":{"line":127,"column":24}},"76":{"start":{"line":127,"column":17},"end":{"line":127,"column":24}},"77":{"start":{"line":129,"column":21},"end":{"line":129,"column":44}},"78":{"start":{"line":130,"column":4},"end":{"line":130,"column":26}},"79":{"start":{"line":130,"column":19},"end":{"line":130,"column":26}},"80":{"start":{"line":132,"column":19},"end":{"line":132,"column":46}},"81":{"start":{"line":134,"column":4},"end":{"line":140,"column":5}},"82":{"start":{"line":135,"column":8},"end":{"line":135,"column":39}},"83":{"start":{"line":136,"column":8},"end":{"line":136,"column":32}},"84":{"start":{"line":137,"column":8},"end":{"line":139,"column":11}},"85":{"start":{"line":138,"column":12},"end":{"line":138,"column":30}},"86":{"start":{"line":142,"column":4},"end":{"line":145,"column":5}},"87":{"start":{"line":143,"column":8},"end":{"line":143,"column":47}},"88":{"start":{"line":144,"column":8},"end":{"line":144,"column":40}},"89":{"start":{"line":147,"column":4},"end":{"line":149,"column":5}},"90":{"start":{"line":148,"column":8},"end":{"line":148,"column":39}},"91":{"start":{"line":154,"column":21},"end":{"line":154,"column":57}},"92":{"start":{"line":155,"column":22},"end":{"line":155,"column":64}},"93":{"start":{"line":157,"column":4},"end":{"line":157,"column":67}},"94":{"start":{"line":157,"column":60},"end":{"line":157,"column":67}},"95":{"start":{"line":159,"column":20},"end":{"line":159,"column":38}},"96":{"start":{"line":161,"column":23},"end":{"line":161,"column":54}},"97":{"start":{"line":162,"column":4},"end":{"line":162,"column":29}},"98":{"start":{"line":163,"column":4},"end":{"line":163,"column":31}},"99":{"start":{"line":164,"column":4},"end":{"line":164,"column":66}},"100":{"start":{"line":166,"column":4},"end":{"line":166,"column":36}},"101":{"start":{"line":167,"column":4},"end":{"line":167,"column":80}},"102":{"start":{"line":168,"column":4},"end":{"line":168,"column":23}},"103":{"start":{"line":170,"column":21},"end":{"line":180,"column":5}},"104":{"start":{"line":171,"column":24},"end":{"line":171,"column":47}},"105":{"start":{"line":173,"column":8},"end":{"line":176,"column":9}},"106":{"start":{"line":174,"column":12},"end":{"line":174,"column":41}},"107":{"start":{"line":175,"column":12},"end":{"line":175,"column":51}},"108":{"start":{"line":178,"column":8},"end":{"line":178,"column":28}},"109":{"start":{"line":179,"column":8},"end":{"line":179,"column":36}},"110":{"start":{"line":182,"column":4},"end":{"line":182,"column":50}},"111":{"start":{"line":183,"column":4},"end":{"line":187,"column":7}},"112":{"start":{"line":184,"column":8},"end":{"line":186,"column":9}},"113":{"start":{"line":185,"column":12},"end":{"line":185,"column":23}},"114":{"start":{"line":192,"column":16},"end":{"line":192,"column":32}},"115":{"start":{"line":193,"column":4},"end":{"line":193,"column":21}},"116":{"start":{"line":194,"column":4},"end":{"line":194,"column":57}},"117":{"start":{"line":201,"column":4},"end":{"line":205,"column":5}},"118":{"start":{"line":202,"column":8},"end":{"line":202,"column":19}},"119":{"start":{"line":204,"column":8},"end":{"line":204,"column":58}},"120":{"start":{"line":208,"column":4},"end":{"line":218,"column":7}},"121":{"start":{"line":209,"column":8},"end":{"line":216,"column":9}},"122":{"start":{"line":210,"column":12},"end":{"line":215,"column":14}},"123":{"start":{"line":217,"column":8},"end":{"line":217,"column":20}},"124":{"start":{"line":223,"column":18},"end":{"line":223,"column":34}},"125":{"start":{"line":224,"column":4},"end":{"line":224,"column":57}},"126":{"start":{"line":225,"column":4},"end":{"line":225,"column":44}},"127":{"start":{"line":225,"column":26},"end":{"line":225,"column":42}},"128":{"start":{"line":230,"column":16},"end":{"line":230,"column":32}},"129":{"start":{"line":231,"column":4},"end":{"line":231,"column":53}},"130":{"start":{"line":231,"column":33},"end":{"line":231,"column":51}},"131":{"start":{"line":232,"column":4},"end":{"line":232,"column":57}},"132":{"start":{"line":237,"column":16},"end":{"line":237,"column":32}},"133":{"start":{"line":239,"column":4},"end":{"line":244,"column":7}},"134":{"start":{"line":240,"column":8},"end":{"line":242,"column":9}},"135":{"start":{"line":241,"column":12},"end":{"line":241,"column":46}},"136":{"start":{"line":243,"column":8},"end":{"line":243,"column":20}},"137":{"start":{"line":246,"column":4},"end":{"line":246,"column":57}},"138":{"start":{"line":251,"column":16},"end":{"line":251,"column":32}},"139":{"start":{"line":253,"column":4},"end":{"line":258,"column":7}},"140":{"start":{"line":254,"column":8},"end":{"line":256,"column":9}},"141":{"start":{"line":255,"column":12},"end":{"line":255,"column":59}},"142":{"start":{"line":257,"column":8},"end":{"line":257,"column":20}},"143":{"start":{"line":260,"column":4},"end":{"line":260,"column":57}},"144":{"start":{"line":265,"column":17},"end":{"line":265,"column":37}},"145":{"start":{"line":267,"column":4},"end":{"line":274,"column":7}},"146":{"start":{"line":279,"column":4},"end":{"line":279,"column":26}},"147":{"start":{"line":279,"column":19},"end":{"line":279,"column":26}},"148":{"start":{"line":281,"column":16},"end":{"line":281,"column":26}},"149":{"start":{"line":282,"column":4},"end":{"line":290,"column":7}},"150":{"start":{"line":295,"column":4},"end":{"line":295,"column":46}},"151":{"start":{"line":296,"column":4},"end":{"line":296,"column":52}},"152":{"start":{"line":298,"column":4},"end":{"line":298,"column":36}},"153":{"start":{"line":300,"column":4},"end":{"line":302,"column":76}},"154":{"start":{"line":304,"column":4},"end":{"line":304,"column":82}},"155":{"start":{"line":306,"column":4},"end":{"line":308,"column":5}},"156":{"start":{"line":307,"column":8},"end":{"line":307,"column":90}},"157":{"start":{"line":310,"column":4},"end":{"line":316,"column":7}},"158":{"start":{"line":311,"column":8},"end":{"line":315,"column":9}},"159":{"start":{"line":312,"column":12},"end":{"line":312,"column":60}},"160":{"start":{"line":314,"column":12},"end":{"line":314,"column":50}},"161":{"start":{"line":318,"column":4},"end":{"line":331,"column":7}},"162":{"start":{"line":319,"column":8},"end":{"line":330,"column":9}},"163":{"start":{"line":320,"column":12},"end":{"line":320,"column":59}},"164":{"start":{"line":321,"column":12},"end":{"line":321,"column":62}},"165":{"start":{"line":322,"column":15},"end":{"line":330,"column":9}},"166":{"start":{"line":323,"column":12},"end":{"line":323,"column":58}},"167":{"start":{"line":324,"column":12},"end":{"line":324,"column":61}},"168":{"start":{"line":325,"column":15},"end":{"line":330,"column":9}},"169":{"start":{"line":326,"column":12},"end":{"line":326,"column":60}},"170":{"start":{"line":327,"column":12},"end":{"line":327,"column":62}},"171":{"start":{"line":328,"column":15},"end":{"line":330,"column":9}},"172":{"start":{"line":329,"column":12},"end":{"line":329,"column":58}},"173":{"start":{"line":333,"column":4},"end":{"line":335,"column":7}},"174":{"start":{"line":334,"column":8},"end":{"line":334,"column":54}}},"fnMap":{"0":{"name":"(anonymous_0)","decl":{"start":{"line":16,"column":40},"end":{"line":16,"column":41}},"loc":{"start":{"line":16,"column":46},"end":{"line":16,"column":69}},"line":16},"1":{"name":"(anonymous_1)","decl":{"start":{"line":17,"column":37},"end":{"line":17,"column":38}},"loc":{"start":{"line":17,"column":43},"end":{"line":17,"column":63}},"line":17},"2":{"name":"(anonymous_2)","decl":{"start":{"line":18,"column":38},"end":{"line":18,"column":39}},"loc":{"start":{"line":18,"column":44},"end":{"line":18,"column":65}},"line":18},"3":{"name":"filterTodos","decl":{"start":{"line":36,"column":9},"end":{"line":36,"column":20}},"loc":{"start":{"line":36,"column":28},"end":{"line":50,"column":1}},"line":36},"4":{"name":"(anonymous_4)","decl":{"start":{"line":40,"column":18},"end":{"line":40,"column":19}},"loc":{"start":{"line":40,"column":33},"end":{"line":49,"column":5}},"line":40},"5":{"name":"addToDo","decl":{"start":{"line":53,"column":9},"end":{"line":53,"column":16}},"loc":{"start":{"line":53,"column":24},"end":{"line":73,"column":1}},"line":53},"6":{"name":"renderTodo","decl":{"start":{"line":76,"column":9},"end":{"line":76,"column":19}},"loc":{"start":{"line":76,"column":26},"end":{"line":122,"column":1}},"line":76},"7":{"name":"handleTodoActions","decl":{"start":{"line":125,"column":9},"end":{"line":125,"column":26}},"loc":{"start":{"line":125,"column":34},"end":{"line":150,"column":1}},"line":125},"8":{"name":"(anonymous_8)","decl":{"start":{"line":137,"column":51},"end":{"line":137,"column":52}},"loc":{"start":{"line":137,"column":63},"end":{"line":139,"column":9}},"line":137},"9":{"name":"startEditing","decl":{"start":{"line":153,"column":9},"end":{"line":153,"column":21}},"loc":{"start":{"line":153,"column":40},"end":{"line":188,"column":1}},"line":153},"10":{"name":"(anonymous_10)","decl":{"start":{"line":170,"column":21},"end":{"line":170,"column":22}},"loc":{"start":{"line":170,"column":33},"end":{"line":180,"column":5}},"line":170},"11":{"name":"(anonymous_11)","decl":{"start":{"line":183,"column":44},"end":{"line":183,"column":45}},"loc":{"start":{"line":183,"column":57},"end":{"line":187,"column":5}},"line":183},"12":{"name":"saveToLocal","decl":{"start":{"line":191,"column":9},"end":{"line":191,"column":20}},"loc":{"start":{"line":191,"column":27},"end":{"line":195,"column":1}},"line":191},"13":{"name":"getStoredTodos","decl":{"start":{"line":198,"column":9},"end":{"line":198,"column":23}},"loc":{"start":{"line":198,"column":26},"end":{"line":219,"column":1}},"line":198},"14":{"name":"(anonymous_14)","decl":{"start":{"line":208,"column":21},"end":{"line":208,"column":22}},"loc":{"start":{"line":208,"column":29},"end":{"line":218,"column":5}},"line":208},"15":{"name":"getTodos","decl":{"start":{"line":222,"column":9},"end":{"line":222,"column":17}},"loc":{"start":{"line":222,"column":20},"end":{"line":226,"column":1}},"line":222},"16":{"name":"(anonymous_16)","decl":{"start":{"line":225,"column":18},"end":{"line":225,"column":19}},"loc":{"start":{"line":225,"column":26},"end":{"line":225,"column":42}},"line":225},"17":{"name":"removeLocalTodo","decl":{"start":{"line":229,"column":9},"end":{"line":229,"column":24}},"loc":{"start":{"line":229,"column":33},"end":{"line":233,"column":1}},"line":229},"18":{"name":"(anonymous_18)","decl":{"start":{"line":231,"column":25},"end":{"line":231,"column":26}},"loc":{"start":{"line":231,"column":33},"end":{"line":231,"column":51}},"line":231},"19":{"name":"updateTodoTextInLocal","decl":{"start":{"line":236,"column":9},"end":{"line":236,"column":30}},"loc":{"start":{"line":236,"column":48},"end":{"line":247,"column":1}},"line":236},"20":{"name":"(anonymous_20)","decl":{"start":{"line":239,"column":22},"end":{"line":239,"column":23}},"loc":{"start":{"line":239,"column":30},"end":{"line":244,"column":5}},"line":239},"21":{"name":"updateTodoStatusInLocal","decl":{"start":{"line":250,"column":9},"end":{"line":250,"column":32}},"loc":{"start":{"line":250,"column":41},"end":{"line":261,"column":1}},"line":250},"22":{"name":"(anonymous_22)","decl":{"start":{"line":253,"column":22},"end":{"line":253,"column":23}},"loc":{"start":{"line":253,"column":30},"end":{"line":258,"column":5}},"line":253},"23":{"name":"formatDateTime","decl":{"start":{"line":264,"column":9},"end":{"line":264,"column":23}},"loc":{"start":{"line":264,"column":36},"end":{"line":275,"column":1}},"line":264},"24":{"name":"updateDateTime","decl":{"start":{"line":278,"column":9},"end":{"line":278,"column":23}},"loc":{"start":{"line":278,"column":26},"end":{"line":291,"column":1}},"line":278},"25":{"name":"changeTheme","decl":{"start":{"line":294,"column":9},"end":{"line":294,"column":20}},"loc":{"start":{"line":294,"column":28},"end":{"line":336,"column":1}},"line":294},"26":{"name":"(anonymous_26)","decl":{"start":{"line":310,"column":47},"end":{"line":310,"column":48}},"loc":{"start":{"line":310,"column":55},"end":{"line":316,"column":5}},"line":310},"27":{"name":"(anonymous_27)","decl":{"start":{"line":318,"column":48},"end":{"line":318,"column":49}},"loc":{"start":{"line":318,"column":58},"end":{"line":331,"column":5}},"line":318},"28":{"name":"(anonymous_28)","decl":{"start":{"line":333,"column":53},"end":{"line":333,"column":54}},"loc":{"start":{"line":333,"column":62},"end":{"line":335,"column":5}},"line":333}},"branchMap":{"0":{"loc":{"start":{"line":21,"column":0},"end":{"line":23,"column":1}},"type":"if","locations":[{"start":{"line":21,"column":0},"end":{"line":23,"column":1}},{"start":{},"end":{}}],"line":21},"1":{"loc":{"start":{"line":27,"column":0},"end":{"line":27,"column":71}},"type":"cond-expr","locations":[{"start":{"line":27,"column":22},"end":{"line":27,"column":45}},{"start":{"line":27,"column":48},"end":{"line":27,"column":71}}],"line":27},"2":{"loc":{"start":{"line":30,"column":0},"end":{"line":33,"column":1}},"type":"if","locations":[{"start":{"line":30,"column":0},"end":{"line":33,"column":1}},{"start":{},"end":{}}],"line":30},"3":{"loc":{"start":{"line":41,"column":8},"end":{"line":48,"column":9}},"type":"if","locations":[{"start":{"line":41,"column":8},"end":{"line":48,"column":9}},{"start":{},"end":{}}],"line":41},"4":{"loc":{"start":{"line":43,"column":12},"end":{"line":47,"column":13}},"type":"if","locations":[{"start":{"line":43,"column":12},"end":{"line":47,"column":13}},{"start":{"line":45,"column":19},"end":{"line":47,"column":13}}],"line":43},"5":{"loc":{"start":{"line":58,"column":4},"end":{"line":61,"column":5}},"type":"if","locations":[{"start":{"line":58,"column":4},"end":{"line":61,"column":5}},{"start":{},"end":{}}],"line":58},"6":{"loc":{"start":{"line":81,"column":4},"end":{"line":83,"column":5}},"type":"if","locations":[{"start":{"line":81,"column":4},"end":{"line":83,"column":5}},{"start":{},"end":{}}],"line":81},"7":{"loc":{"start":{"line":127,"column":4},"end":{"line":127,"column":24}},"type":"if","locations":[{"start":{"line":127,"column":4},"end":{"line":127,"column":24}},{"start":{},"end":{}}],"line":127},"8":{"loc":{"start":{"line":130,"column":4},"end":{"line":130,"column":26}},"type":"if","locations":[{"start":{"line":130,"column":4},"end":{"line":130,"column":26}},{"start":{},"end":{}}],"line":130},"9":{"loc":{"start":{"line":134,"column":4},"end":{"line":140,"column":5}},"type":"if","locations":[{"start":{"line":134,"column":4},"end":{"line":140,"column":5}},{"start":{},"end":{}}],"line":134},"10":{"loc":{"start":{"line":142,"column":4},"end":{"line":145,"column":5}},"type":"if","locations":[{"start":{"line":142,"column":4},"end":{"line":145,"column":5}},{"start":{},"end":{}}],"line":142},"11":{"loc":{"start":{"line":147,"column":4},"end":{"line":149,"column":5}},"type":"if","locations":[{"start":{"line":147,"column":4},"end":{"line":149,"column":5}},{"start":{},"end":{}}],"line":147},"12":{"loc":{"start":{"line":157,"column":4},"end":{"line":157,"column":67}},"type":"if","locations":[{"start":{"line":157,"column":4},"end":{"line":157,"column":67}},{"start":{},"end":{}}],"line":157},"13":{"loc":{"start":{"line":157,"column":8},"end":{"line":157,"column":58}},"type":"binary-expr","locations":[{"start":{"line":157,"column":8},"end":{"line":157,"column":17}},{"start":{"line":157,"column":21},"end":{"line":157,"column":58}}],"line":157},"14":{"loc":{"start":{"line":173,"column":8},"end":{"line":176,"column":9}},"type":"if","locations":[{"start":{"line":173,"column":8},"end":{"line":176,"column":9}},{"start":{},"end":{}}],"line":173},"15":{"loc":{"start":{"line":184,"column":8},"end":{"line":186,"column":9}},"type":"if","locations":[{"start":{"line":184,"column":8},"end":{"line":186,"column":9}},{"start":{},"end":{}}],"line":184},"16":{"loc":{"start":{"line":201,"column":4},"end":{"line":205,"column":5}},"type":"if","locations":[{"start":{"line":201,"column":4},"end":{"line":205,"column":5}},{"start":{"line":203,"column":11},"end":{"line":205,"column":5}}],"line":201},"17":{"loc":{"start":{"line":209,"column":8},"end":{"line":216,"column":9}},"type":"if","locations":[{"start":{"line":209,"column":8},"end":{"line":216,"column":9}},{"start":{},"end":{}}],"line":209},"18":{"loc":{"start":{"line":240,"column":8},"end":{"line":242,"column":9}},"type":"if","locations":[{"start":{"line":240,"column":8},"end":{"line":242,"column":9}},{"start":{},"end":{}}],"line":240},"19":{"loc":{"start":{"line":254,"column":8},"end":{"line":256,"column":9}},"type":"if","locations":[{"start":{"line":254,"column":8},"end":{"line":256,"column":9}},{"start":{},"end":{}}],"line":254},"20":{"loc":{"start":{"line":279,"column":4},"end":{"line":279,"column":26}},"type":"if","locations":[{"start":{"line":279,"column":4},"end":{"line":279,"column":26}},{"start":{},"end":{}}],"line":279},"21":{"loc":{"start":{"line":300,"column":4},"end":{"line":302,"column":75}},"type":"cond-expr","locations":[{"start":{"line":301,"column":10},"end":{"line":301,"column":72}},{"start":{"line":302,"column":10},"end":{"line":302,"column":75}}],"line":300},"22":{"loc":{"start":{"line":306,"column":4},"end":{"line":308,"column":5}},"type":"if","locations":[{"start":{"line":306,"column":4},"end":{"line":308,"column":5}},{"start":{},"end":{}}],"line":306},"23":{"loc":{"start":{"line":311,"column":8},"end":{"line":315,"column":9}},"type":"if","locations":[{"start":{"line":311,"column":8},"end":{"line":315,"column":9}},{"start":{"line":313,"column":15},"end":{"line":315,"column":9}}],"line":311},"24":{"loc":{"start":{"line":319,"column":8},"end":{"line":330,"column":9}},"type":"if","locations":[{"start":{"line":319,"column":8},"end":{"line":330,"column":9}},{"start":{"line":322,"column":15},"end":{"line":330,"column":9}}],"line":319},"25":{"loc":{"start":{"line":322,"column":15},"end":{"line":330,"column":9}},"type":"if","locations":[{"start":{"line":322,"column":15},"end":{"line":330,"column":9}},{"start":{"line":325,"column":15},"end":{"line":330,"column":9}}],"line":322},"26":{"loc":{"start":{"line":325,"column":15},"end":{"line":330,"column":9}},"type":"if","locations":[{"start":{"line":325,"column":15},"end":{"line":330,"column":9}},{"start":{"line":328,"column":15},"end":{"line":330,"column":9}}],"line":325},"27":{"loc":{"start":{"line":328,"column":15},"end":{"line":330,"column":9}},"type":"if","locations":[{"start":{"line":328,"column":15},"end":{"line":330,"column":9}},{"start":{},"end":{}}],"line":328}},"s":{"0":30,"1":30,"2":30,"3":30,"4":30,"5":30,"6":30,"7":30,"8":30,"9":30,"10":30,"11":30,"12":1,"13":30,"14":4,"15":30,"16":3,"17":30,"18":30,"19":30,"20":30,"21":30,"22":30,"23":29,"24":29,"25":4,"26":4,"27":4,"28":7,"29":6,"30":6,"31":4,"32":2,"33":17,"34":17,"35":17,"36":1,"37":1,"38":16,"39":16,"40":16,"41":16,"42":90,"43":90,"44":90,"45":90,"46":0,"47":90,"48":90,"49":90,"50":90,"51":90,"52":90,"53":90,"54":90,"55":90,"56":90,"57":90,"58":90,"59":90,"60":90,"61":90,"62":90,"63":90,"64":90,"65":90,"66":90,"67":90,"68":90,"69":90,"70":90,"71":90,"72":90,"73":90,"74":12,"75":12,"76":1,"77":11,"78":11,"79":0,"80":11,"81":11,"82":1,"83":1,"84":1,"85":1,"86":11,"87":3,"88":3,"89":11,"90":7,"91":7,"92":7,"93":7,"94":1,"95":6,"96":6,"97":6,"98":6,"99":6,"100":6,"101":6,"102":6,"103":6,"104":4,"105":4,"106":2,"107":2,"108":4,"109":4,"110":6,"111":6,"112":2,"113":2,"114":16,"115":16,"116":16,"117":98,"118":15,"119":83,"120":98,"121":82,"122":2,"123":80,"124":76,"125":76,"126":76,"127":74,"128":1,"129":1,"130":1,"131":1,"132":2,"133":2,"134":2,"135":2,"136":0,"137":2,"138":3,"139":3,"140":3,"141":3,"142":0,"143":3,"144":90,"145":90,"146":30,"147":0,"148":30,"149":30,"150":38,"151":38,"152":38,"153":38,"154":38,"155":38,"156":37,"157":38,"158":3,"159":1,"160":2,"161":38,"162":161,"163":3,"164":3,"165":158,"166":3,"167":3,"168":155,"169":3,"170":3,"171":152,"172":38,"173":38,"174":1},"f":{"0":1,"1":4,"2":3,"3":4,"4":7,"5":17,"6":90,"7":12,"8":1,"9":7,"10":4,"11":2,"12":16,"13":98,"14":82,"15":76,"16":74,"17":1,"18":1,"19":2,"20":2,"21":3,"22":3,"23":90,"24":30,"25":38,"26":3,"27":161,"28":1},"b":{"0":[30,0],"1":[26,4],"2":[29,1],"3":[6,1],"4":[4,2],"5":[1,16],"6":[0,90],"7":[1,11],"8":[0,11],"9":[1,10],"10":[3,8],"11":[7,4],"12":[1,6],"13":[7,7],"14":[2,2],"15":[2,0],"16":[15,83],"17":[2,80],"18":[2,0],"19":[3,0],"20":[0,30],"21":[3,35],"22":[37,1],"23":[1,2],"24":[3,158],"25":[3,155],"26":[3,152],"27":[38,114]},"_coverageSchema":"1a1c01bbd47fc00a2c39e90264f33305004495a9","hash":"d29cf891250f2d314f5373e16761fdc78912b0f0"}
}
