TN:
SF:JS\main.js
FN:16,(anonymous_0)
FN:17,(anonymous_1)
FN:18,(anonymous_2)
FN:36,filterTodos
FN:40,(anonymous_4)
FN:53,addToDo
FN:76,renderTodo
FN:125,handleTodoActions
FN:137,(anonymous_8)
FN:153,startEditing
FN:170,(anonymous_10)
FN:183,(anonymous_11)
FN:191,saveToLocal
FN:198,getStoredTodos
FN:208,(anonymous_14)
FN:222,getTodos
FN:225,(anonymous_16)
FN:229,removeLocalTodo
FN:231,(anonymous_18)
FN:236,updateTodoTextInLocal
FN:239,(anonymous_20)
FN:250,updateTodoStatusInLocal
FN:253,(anonymous_22)
FN:264,formatDateTime
FN:278,updateDateTime
FN:294,changeTheme
FN:310,(anonymous_26)
FN:318,(anonymous_27)
FN:333,(anonymous_28)
FNF:29
FNH:29
FNDA:1,(anonymous_0)
FNDA:4,(anonymous_1)
FNDA:3,(anonymous_2)
FNDA:4,filterTodos
FNDA:7,(anonymous_4)
FNDA:17,addToDo
FNDA:90,renderTodo
FNDA:12,handleTodoActions
FNDA:1,(anonymous_8)
FNDA:7,startEditing
FNDA:4,(anonymous_10)
FNDA:2,(anonymous_11)
FNDA:16,saveToLocal
FNDA:98,getStoredTodos
FNDA:82,(anonymous_14)
FNDA:76,getTodos
FNDA:74,(anonymous_16)
FNDA:1,removeLocalTodo
FNDA:1,(anonymous_18)
FNDA:2,updateTodoTextInLocal
FNDA:2,(anonymous_20)
FNDA:3,updateTodoStatusInLocal
FNDA:3,(anonymous_22)
FNDA:90,formatDateTime
FNDA:30,updateDateTime
FNDA:38,changeTheme
FNDA:3,(anonymous_26)
FNDA:161,(anonymous_27)
FNDA:1,(anonymous_28)
DA:3,30
DA:4,30
DA:5,30
DA:6,30
DA:7,30
DA:8,30
DA:9,30
DA:10,30
DA:13,30
DA:14,30
DA:15,30
DA:16,30
DA:17,30
DA:18,30
DA:19,30
DA:21,30
DA:22,30
DA:26,30
DA:27,30
DA:30,30
DA:31,29
DA:32,29
DA:37,4
DA:38,4
DA:40,4
DA:41,7
DA:42,6
DA:43,6
DA:44,4
DA:46,2
DA:54,17
DA:56,17
DA:58,17
DA:59,1
DA:60,1
DA:63,16
DA:70,16
DA:71,16
DA:72,16
DA:77,90
DA:78,90
DA:79,90
DA:81,90
DA:82,0
DA:85,90
DA:86,90
DA:88,90
DA:89,90
DA:90,90
DA:92,90
DA:93,90
DA:94,90
DA:96,90
DA:97,90
DA:99,90
DA:100,90
DA:102,90
DA:103,90
DA:104,90
DA:106,90
DA:107,90
DA:108,90
DA:110,90
DA:111,90
DA:112,90
DA:114,90
DA:115,90
DA:116,90
DA:118,90
DA:119,90
DA:121,90
DA:126,12
DA:127,12
DA:129,11
DA:130,11
DA:132,11
DA:134,11
DA:135,1
DA:136,1
DA:137,1
DA:138,1
DA:142,11
DA:143,3
DA:144,3
DA:147,11
DA:148,7
DA:154,7
DA:155,7
DA:157,7
DA:159,6
DA:161,6
DA:162,6
DA:163,6
DA:164,6
DA:166,6
DA:167,6
DA:168,6
DA:170,6
DA:171,4
DA:173,4
DA:174,2
DA:175,2
DA:178,4
DA:179,4
DA:182,6
DA:183,6
DA:184,2
DA:185,2
DA:192,16
DA:193,16
DA:194,16
DA:201,98
DA:202,15
DA:204,83
DA:208,98
DA:209,82
DA:210,2
DA:217,80
DA:223,76
DA:224,76
DA:225,76
DA:230,1
DA:231,1
DA:232,1
DA:237,2
DA:239,2
DA:240,2
DA:241,2
DA:243,0
DA:246,2
DA:251,3
DA:253,3
DA:254,3
DA:255,3
DA:257,0
DA:260,3
DA:265,90
DA:267,90
DA:279,30
DA:281,30
DA:282,30
DA:295,38
DA:296,38
DA:298,38
DA:300,38
DA:304,38
DA:306,38
DA:307,37
DA:310,38
DA:311,3
DA:312,1
DA:314,2
DA:318,38
DA:319,161
DA:320,3
DA:321,3
DA:322,158
DA:323,3
DA:324,3
DA:325,155
DA:326,3
DA:327,3
DA:328,152
DA:329,38
DA:333,38
DA:334,1
LF:166
LH:163
BRDA:21,0,0,30
BRDA:21,0,1,0
BRDA:27,1,0,26
BRDA:27,1,1,4
BRDA:30,2,0,29
BRDA:30,2,1,1
BRDA:41,3,0,6
BRDA:41,3,1,1
BRDA:43,4,0,4
BRDA:43,4,1,2
BRDA:58,5,0,1
BRDA:58,5,1,16
BRDA:81,6,0,0
BRDA:81,6,1,90
BRDA:127,7,0,1
BRDA:127,7,1,11
BRDA:130,8,0,0
BRDA:130,8,1,11
BRDA:134,9,0,1
BRDA:134,9,1,10
BRDA:142,10,0,3
BRDA:142,10,1,8
BRDA:147,11,0,7
BRDA:147,11,1,4
BRDA:157,12,0,1
BRDA:157,12,1,6
BRDA:157,13,0,7
BRDA:157,13,1,7
BRDA:173,14,0,2
BRDA:173,14,1,2
BRDA:184,15,0,2
BRDA:184,15,1,0
BRDA:201,16,0,15
BRDA:201,16,1,83
BRDA:209,17,0,2
BRDA:209,17,1,80
BRDA:240,18,0,2
BRDA:240,18,1,0
BRDA:254,19,0,3
BRDA:254,19,1,0
BRDA:279,20,0,0
BRDA:279,20,1,30
BRDA:300,21,0,3
BRDA:300,21,1,35
BRDA:306,22,0,37
BRDA:306,22,1,1
BRDA:311,23,0,1
BRDA:311,23,1,2
BRDA:319,24,0,3
BRDA:319,24,1,158
BRDA:322,25,0,3
BRDA:322,25,1,155
BRDA:325,26,0,3
BRDA:325,26,1,152
BRDA:328,27,0,38
BRDA:328,27,1,114
BRF:56
BRH:49
end_of_record
